12:59:43 DEBUG : Logs will be stored at 'C:/Users/jvand/workspace/AUDIO_Synthesizer/Audio_Synthesizer/IDE.log'.
12:59:47 INFO  : Launching XSCT server: xsct.bat -n  -interactive C:\Users\jvand\workspace\AUDIO_Synthesizer\Audio_Synthesizer\temp_xsdb_launch_script.tcl
12:59:47 INFO  : Registering command handlers for Vitis TCF services
12:59:47 INFO  : Platform repository initialization has completed.
12:59:47 ERROR : (XSDB Server)'\gnu\microblaze\lin\bin\' is not recognized as an internal or external command,
operable program or batch file.

12:59:47 ERROR : (XSDB Server)'\gnu\microblaze\nt\bin\' is not recognized as an internal or external command,
operable program or batch file.

12:59:47 ERROR : (XSDB Server)'\gnuwin\bin\' is not recognized as an internal or external command,
operable program or batch file.

12:59:50 INFO  : XSCT server has started successfully.
12:59:50 INFO  : plnx-install-location is set to ''
12:59:50 INFO  : Successfully done setting XSCT server connection channel  
12:59:50 INFO  : Successfully done query RDI_DATADIR 
12:59:50 INFO  : Successfully done setting workspace for the tool. 
13:00:35 INFO  : Result from executing command 'getProjects': AudioProcessing
13:00:35 INFO  : Result from executing command 'getPlatforms': 
13:00:35 WARN  : An unexpected exception occurred in the module 'platform project logging'
13:00:35 INFO  : Platform 'AudioProcessing' is added to custom repositories.
13:00:44 INFO  : Platform 'AudioProcessing' is added to custom repositories.
13:01:27 INFO  : Result from executing command 'getProjects': AudioProcessing
13:01:27 INFO  : Result from executing command 'getPlatforms': AudioProcessing|C:/Users/jvand/workspace/AUDIO_Synthesizer/Audio_Synthesizer/AudioProcessing/export/AudioProcessing/AudioProcessing.xpfm
13:01:27 INFO  : Checking for BSP changes to sync application flags for project 'Audio_Synthesizer_App'...
